╭──────────────────────────── 🛡  DAH 방어 에이전트 ────────────────────────────╮
│ Defense AI Agent 가동 — 감시 대상: UAV                                       │
│ 증거 로그: /home/dltkddn/DAH-2026/logs_mitm/incidents.jsonl                  │
╰──────────────────────────────────────────────────────────────────────────────╯
╭────────────────────────────── ⚠ UAV 위협 탐지 ───────────────────────────────╮
│ MITM 인터셉션 감시  (High)                                                   │
│ 징후 : 동일 sysid(1) MAVLink 시퀀스 불연속 다발 (Δseq=169) — 프레임          │
│ 주입/재기록 의심                                                             │
│ 매핑 : STRIDE:Tampering/Spoofing  TARA:중간자 변조 → 상황인식 오염           │
│ ATT&CK-ICS:Adversary-in-the-Middle(T0830)                                    │
│ 대응 : 링크 무결성(서명/시퀀스) 검증, 텔레메트리 발신원 재인증, 링크         │
│ 암호화·경로 무결성 점검, 링크 전환                                           │
│ 게이트: 🔴 인간 승인 필요(human-in-the-loop)                                 │
│ 증거 : {"sysid": 1, "delta_seq": 169}                                        │
╰──────────────────────────────────────────────────────────────────────────────╯
╭────────────────────────────── ⚠ UAV 위협 탐지 ───────────────────────────────╮
│ MITM 인터셉션 감시  (High)                                                   │
│ 징후 : 위치 변화 15m 가 보고 속도 기대치 3m 와 12m 불일치 — 위치 위조 주입   │
│ 매핑 : STRIDE:Tampering  TARA:위조 피드백 → 상황인식 오염/오항법             │
│ STPA-Sec:위조 피드백 기반 불안전 제어행동                                    │
│ 대응 : 융합위치 신뢰도 하향, 원시 GPS·INS 교차검증, 링크 무결성 검증         │
│ 게이트: 🔴 인간 승인 필요(human-in-the-loop)                                 │
│ 증거 : {"actual_move_m": 14.9, "expected_move_m": 3.0, "residual_m": 11.9}   │
╰──────────────────────────────────────────────────────────────────────────────╯
╭────────────────────────────── ⚠ UAV 위협 탐지 ───────────────────────────────╮
│ GNSS-INS 교차검증  (High)                                                    │
│ 징후 : GNSS와 INS 위치가 41m 불일치 (임계 30m)                               │
│ 매핑 : STRIDE:Spoofing  TARA:경로 왜곡 → 임무 실패/충돌 위험                 │
│ STPA-Sec:불안전 제어행동(위조 위치 기반 항법)                                │
│ 대응 : GNSS 신뢰도 하향, INS/비전 기반 항법 전환, 안전속도 제한              │
│ 게이트: 🔴 인간 승인 필요(human-in-the-loop)                                 │
│ 증거 : {"gps": [37.5001058, 127.0007659], "ins": [37.5001151, 127.0012315],  │
│ "divergence_m": 41.1}                                                        │
╰──────────────────────────────────────────────────────────────────────────────╯
╭────────────────────────────── ⚠ UAV 위협 탐지 ───────────────────────────────╮
│ GNSS-INS 교차검증  (High)                                                    │
│ 징후 : GNSS와 INS 위치가 38m 불일치 (임계 30m)                               │
│ 매핑 : STRIDE:Spoofing  TARA:경로 왜곡 → 임무 실패/충돌 위험                 │
│ STPA-Sec:불안전 제어행동(위조 위치 기반 항법)                                │
│ 대응 : GNSS 신뢰도 하향, INS/비전 기반 항법 전환, 안전속도 제한              │
│ 게이트: 🔴 인간 승인 필요(human-in-the-loop)                                 │
│ 증거 : {"gps": [37.5001151, 127.0007977], "ins": [37.5001151, 127.0012315],  │
│ "divergence_m": 38.3}                                                        │
╰──────────────────────────────────────────────────────────────────────────────╯
╭────────────────────────────── ⚠ UAV 위협 탐지 ───────────────────────────────╮
│ GNSS-INS 교차검증  (High)                                                    │
│ 징후 : GNSS와 INS 위치가 53m 불일치 (임계 30m)                               │
│ 매핑 : STRIDE:Spoofing  TARA:경로 왜곡 → 임무 실패/충돌 위험                 │
│ STPA-Sec:불안전 제어행동(위조 위치 기반 항법)                                │
│ 대응 : GNSS 신뢰도 하향, INS/비전 기반 항법 전환, 안전속도 제한              │
│ 게이트: 🔴 인간 승인 필요(human-in-the-loop)                                 │
│ 증거 : {"gps": [37.5001151, 127.0007977], "ins": [37.5001248, 127.001399],   │
│ "divergence_m": 53.1}                                                        │
╰──────────────────────────────────────────────────────────────────────────────╯
╭────────────────────────────── ⚠ UAV 위협 탐지 ───────────────────────────────╮
│ GNSS-INS 교차검증  (High)                                                    │
│ 징후 : GNSS와 INS 위치가 50m 불일치 (임계 30m)                               │
│ 매핑 : STRIDE:Spoofing  TARA:경로 왜곡 → 임무 실패/충돌 위험                 │
│ STPA-Sec:불안전 제어행동(위조 위치 기반 항법)                                │
│ 대응 : GNSS 신뢰도 하향, INS/비전 기반 항법 전환, 안전속도 제한              │
│ 게이트: 🔴 인간 승인 필요(human-in-the-loop)                                 │
│ 증거 : {"gps": [37.5001248, 127.0008294], "ins": [37.5001248, 127.001399],   │
│ "divergence_m": 50.3}                                                        │
╰──────────────────────────────────────────────────────────────────────────────╯
╭────────────────────────────── ⚠ UAV 위협 탐지 ───────────────────────────────╮
│ GNSS-INS 교차검증  (High)                                                    │
│ 징후 : GNSS와 INS 위치가 65m 불일치 (임계 30m)                               │
│ 매핑 : STRIDE:Spoofing  TARA:경로 왜곡 → 임무 실패/충돌 위험                 │
│ STPA-Sec:불안전 제어행동(위조 위치 기반 항법)                                │
│ 대응 : GNSS 신뢰도 하향, INS/비전 기반 항법 전환, 안전속도 제한              │
│ 게이트: 🔴 인간 승인 필요(human-in-the-loop)                                 │
│ 증거 : {"gps": [37.5001248, 127.0008294], "ins": [37.5001349, 127.0015664],  │
│ "divergence_m": 65.1}                                                        │
╰──────────────────────────────────────────────────────────────────────────────╯
╭────────────────────────────── ⚠ UAV 위협 탐지 ───────────────────────────────╮
│ GNSS-INS 교차검증  (High)                                                    │
│ 징후 : GNSS와 INS 위치가 62m 불일치 (임계 30m)                               │
│ 매핑 : STRIDE:Spoofing  TARA:경로 왜곡 → 임무 실패/충돌 위험                 │
│ STPA-Sec:불안전 제어행동(위조 위치 기반 항법)                                │
│ 대응 : GNSS 신뢰도 하향, INS/비전 기반 항법 전환, 안전속도 제한              │
│ 게이트: 🔴 인간 승인 필요(human-in-the-loop)                                 │
│ 증거 : {"gps": [37.5001349, 127.0008609], "ins": [37.5001349, 127.0015664],  │
│ "divergence_m": 62.3}                                                        │
╰──────────────────────────────────────────────────────────────────────────────╯
╭────────────────────────────── ⚠ UAV 위협 탐지 ───────────────────────────────╮
│ GNSS-INS 교차검증  (High)                                                    │
│ 징후 : GNSS와 INS 위치가 77m 불일치 (임계 30m)                               │
│ 매핑 : STRIDE:Spoofing  TARA:경로 왜곡 → 임무 실패/충돌 위험                 │
│ STPA-Sec:불안전 제어행동(위조 위치 기반 항법)                                │
│ 대응 : GNSS 신뢰도 하향, INS/비전 기반 항법 전환, 안전속도 제한              │
│ 게이트: 🔴 인간 승인 필요(human-in-the-loop)                                 │
│ 증거 : {"gps": [37.5001349, 127.0008609], "ins": [37.5001453, 127.0017338],  │
│ "divergence_m": 77.1}                                                        │
╰──────────────────────────────────────────────────────────────────────────────╯
╭────────────────────────────── ⚠ UAV 위협 탐지 ───────────────────────────────╮
│ GNSS-INS 교차검증  (High)                                                    │
│ 징후 : GNSS와 INS 위치가 74m 불일치 (임계 30m)                               │
│ 매핑 : STRIDE:Spoofing  TARA:경로 왜곡 → 임무 실패/충돌 위험                 │
│ STPA-Sec:불안전 제어행동(위조 위치 기반 항법)                                │
│ 대응 : GNSS 신뢰도 하향, INS/비전 기반 항법 전환, 안전속도 제한              │
│ 게이트: 🔴 인간 승인 필요(human-in-the-loop)                                 │
│ 증거 : {"gps": [37.5001453, 127.0008923], "ins": [37.5001453, 127.0017338],  │
│ "divergence_m": 74.3}                                                        │
╰──────────────────────────────────────────────────────────────────────────────╯
╭────────────────────────────── ⚠ UAV 위협 탐지 ───────────────────────────────╮
│ GNSS-INS 교차검증  (High)                                                    │
│ 징후 : GNSS와 INS 위치가 89m 불일치 (임계 30m)                               │
│ 매핑 : STRIDE:Spoofing  TARA:경로 왜곡 → 임무 실패/충돌 위험                 │
│ STPA-Sec:불안전 제어행동(위조 위치 기반 항법)                                │
│ 대응 : GNSS 신뢰도 하향, INS/비전 기반 항법 전환, 안전속도 제한              │
│ 게이트: 🔴 인간 승인 필요(human-in-the-loop)                                 │
│ 증거 : {"gps": [37.5001453, 127.0008923], "ins": [37.5001561, 127.0019007],  │
│ "divergence_m": 89.1}                                                        │
╰──────────────────────────────────────────────────────────────────────────────╯
╭────────────────────────────── ⚠ UAV 위협 탐지 ───────────────────────────────╮
│ GNSS-INS 교차검증  (High)                                                    │
│ 징후 : GNSS와 INS 위치가 86m 불일치 (임계 30m)                               │
│ 매핑 : STRIDE:Spoofing  TARA:경로 왜곡 → 임무 실패/충돌 위험                 │
│ STPA-Sec:불안전 제어행동(위조 위치 기반 항법)                                │
│ 대응 : GNSS 신뢰도 하향, INS/비전 기반 항법 전환, 안전속도 제한              │
│ 게이트: 🔴 인간 승인 필요(human-in-the-loop)                                 │
│ 증거 : {"gps": [37.5001561, 127.0009234], "ins": [37.5001561, 127.0019007],  │
│ "divergence_m": 86.3}                                                        │
╰──────────────────────────────────────────────────────────────────────────────╯
╭────────────────────────────── ⚠ UAV 위협 탐지 ───────────────────────────────╮
│ GNSS-INS 교차검증  (Critical)                                                │
│ 징후 : GNSS와 INS 위치가 101m 불일치 (임계 30m)                              │
│ 매핑 : STRIDE:Spoofing  TARA:경로 왜곡 → 임무 실패/충돌 위험                 │
│ STPA-Sec:불안전 제어행동(위조 위치 기반 항법)                                │
│ 대응 : GNSS 신뢰도 하향, INS/비전 기반 항법 전환, 안전속도 제한, 즉시        │
│ 귀환/정지 권고(운용자 승인)                                                  │
│ 게이트: 🔴 인간 승인 필요(human-in-the-loop)                                 │
│ 증거 : {"gps": [37.5001561, 127.0009234], "ins": [37.5001673, 127.0020675],  │
│ "divergence_m": 101.0}                                                       │
╰──────────────────────────────────────────────────────────────────────────────╯
╭────────────────────────────── ⚠ UAV 위협 탐지 ───────────────────────────────╮
│ GNSS-INS 교차검증  (High)                                                    │
│ 징후 : GNSS와 INS 위치가 98m 불일치 (임계 30m)                               │
│ 매핑 : STRIDE:Spoofing  TARA:경로 왜곡 → 임무 실패/충돌 위험                 │
│ STPA-Sec:불안전 제어행동(위조 위치 기반 항법)                                │
│ 대응 : GNSS 신뢰도 하향, INS/비전 기반 항법 전환, 안전속도 제한              │
│ 게이트: 🔴 인간 승인 필요(human-in-the-loop)                                 │
│ 증거 : {"gps": [37.5001673, 127.0009543], "ins": [37.5001673, 127.0020675],  │
│ "divergence_m": 98.3}                                                        │
╰──────────────────────────────────────────────────────────────────────────────╯
╭────────────────────────────── ⚠ UAV 위협 탐지 ───────────────────────────────╮
│ GNSS-INS 교차검증  (Critical)                                                │
│ 징후 : GNSS와 INS 위치가 113m 불일치 (임계 30m)                              │
│ 매핑 : STRIDE:Spoofing  TARA:경로 왜곡 → 임무 실패/충돌 위험                 │
│ STPA-Sec:불안전 제어행동(위조 위치 기반 항법)                                │
│ 대응 : GNSS 신뢰도 하향, INS/비전 기반 항법 전환, 안전속도 제한, 즉시        │
│ 귀환/정지 권고(운용자 승인)                                                  │
│ 게이트: 🔴 인간 승인 필요(human-in-the-loop)                                 │
│ 증거 : {"gps": [37.5001673, 127.0009543], "ins": [37.5001788, 127.0022342],  │
│ "divergence_m": 113.0}                                                       │
╰──────────────────────────────────────────────────────────────────────────────╯
╭────────────────────────────── ⚠ UAV 위협 탐지 ───────────────────────────────╮
│ GNSS-INS 교차검증  (Critical)                                                │
│ 징후 : GNSS와 INS 위치가 110m 불일치 (임계 30m)                              │
│ 매핑 : STRIDE:Spoofing  TARA:경로 왜곡 → 임무 실패/충돌 위험                 │
│ STPA-Sec:불안전 제어행동(위조 위치 기반 항법)                                │
│ 대응 : GNSS 신뢰도 하향, INS/비전 기반 항법 전환, 안전속도 제한, 즉시        │
│ 귀환/정지 권고(운용자 승인)                                                  │
│ 게이트: 🔴 인간 승인 필요(human-in-the-loop)                                 │
│ 증거 : {"gps": [37.5001788, 127.000985], "ins": [37.5001788, 127.0022342],   │
│ "divergence_m": 110.3}                                                       │
╰──────────────────────────────────────────────────────────────────────────────╯
╭────────────────────────────── ⚠ UAV 위협 탐지 ───────────────────────────────╮
│ GNSS-INS 교차검증  (Critical)                                                │
│ 징후 : GNSS와 INS 위치가 123m 불일치 (임계 30m)                              │
│ 매핑 : STRIDE:Spoofing  TARA:경로 왜곡 → 임무 실패/충돌 위험                 │
│ STPA-Sec:불안전 제어행동(위조 위치 기반 항법)                                │
│ 대응 : GNSS 신뢰도 하향, INS/비전 기반 항법 전환, 안전속도 제한, 즉시        │
│ 귀환/정지 권고(운용자 승인)                                                  │
│ 게이트: 🔴 인간 승인 필요(human-in-the-loop)                                 │
│ 증거 : {"gps": [37.5001788, 127.000985], "ins": [37.5001907, 127.0023742],   │
│ "divergence_m": 122.7}                                                       │
╰──────────────────────────────────────────────────────────────────────────────╯
╭────────────────────────────── ⚠ UAV 위협 탐지 ───────────────────────────────╮
│ MITM 인터셉션 감시  (High)                                                   │
│ 징후 : 동일 sysid(1) MAVLink 시퀀스 불연속 다발 (Δseq=142) — 프레임          │
│ 주입/재기록 의심                                                             │
│ 매핑 : STRIDE:Tampering/Spoofing  TARA:중간자 변조 → 상황인식 오염           │
│ ATT&CK-ICS:Adversary-in-the-Middle(T0830)                                    │
│ 대응 : 링크 무결성(서명/시퀀스) 검증, 텔레메트리 발신원 재인증, 링크         │
│ 암호화·경로 무결성 점검, 링크 전환                                           │
│ 게이트: 🔴 인간 승인 필요(human-in-the-loop)                                 │
│ 증거 : {"sysid": 1, "delta_seq": 142}                                        │
╰──────────────────────────────────────────────────────────────────────────────╯
╭────────────────────────────── ⚠ UAV 위협 탐지 ───────────────────────────────╮
│ MITM 인터셉션 감시  (High)                                                   │
│ 징후 : 위치 변화 12m 가 보고 속도 기대치 3m 와 9m 불일치 — 위치 위조 주입    │
│ 매핑 : STRIDE:Tampering  TARA:위조 피드백 → 상황인식 오염/오항법             │
│ STPA-Sec:위조 피드백 기반 불안전 제어행동                                    │
│ 대응 : 융합위치 신뢰도 하향, 원시 GPS·INS 교차검증, 링크 무결성 검증         │
│ 게이트: 🔴 인간 승인 필요(human-in-the-loop)                                 │
│ 증거 : {"actual_move_m": 12.4, "expected_move_m": 3.0, "residual_m": 9.4}    │
╰──────────────────────────────────────────────────────────────────────────────╯
╭────────────────────────────── ⚠ UAV 위협 탐지 ───────────────────────────────╮
│ GNSS-INS 교차검증  (Critical)                                                │
│ 징후 : GNSS와 INS 위치가 120m 불일치 (임계 30m)                              │
│ 매핑 : STRIDE:Spoofing  TARA:경로 왜곡 → 임무 실패/충돌 위험                 │
│ STPA-Sec:불안전 제어행동(위조 위치 기반 항법)                                │
│ 대응 : GNSS 신뢰도 하향, INS/비전 기반 항법 전환, 안전속도 제한, 즉시        │
│ 귀환/정지 권고(운용자 승인)                                                  │
│ 게이트: 🔴 인간 승인 필요(human-in-the-loop)                                 │
│ 증거 : {"gps": [37.5001907, 127.0010155], "ins": [37.5001907, 127.0023742],  │
│ "divergence_m": 120.0}                                                       │
╰──────────────────────────────────────────────────────────────────────────────╯
╭────────────────────────────── ⚠ UAV 위협 탐지 ───────────────────────────────╮
│ GNSS-INS 교차검증  (Critical)                                                │
│ 징후 : GNSS와 INS 위치가 123m 불일치 (임계 30m)                              │
│ 매핑 : STRIDE:Spoofing  TARA:경로 왜곡 → 임무 실패/충돌 위험                 │
│ STPA-Sec:불안전 제어행동(위조 위치 기반 항법)                                │
│ 대응 : GNSS 신뢰도 하향, INS/비전 기반 항법 전환, 안전속도 제한, 즉시        │
│ 귀환/정지 권고(운용자 승인)                                                  │
│ 게이트: 🔴 인간 승인 필요(human-in-the-loop)                                 │
│ 증거 : {"gps": [37.500284, 127.001222], "ins": [37.5002987, 127.0026092],    │
│ "divergence_m": 122.5}                                                       │
╰──────────────────────────────────────────────────────────────────────────────╯
╭────────────────────────────── ⚠ UAV 위협 탐지 ───────────────────────────────╮
│ GNSS-INS 교차검증  (Critical)                                                │
│ 징후 : GNSS와 INS 위치가 120m 불일치 (임계 30m)                              │
│ 매핑 : STRIDE:Spoofing  TARA:경로 왜곡 → 임무 실패/충돌 위험                 │
│ STPA-Sec:불안전 제어행동(위조 위치 기반 항법)                                │
│ 대응 : GNSS 신뢰도 하향, INS/비전 기반 항법 전환, 안전속도 제한, 즉시        │
│ 귀환/정지 권고(운용자 승인)                                                  │
│ 게이트: 🔴 인간 승인 필요(human-in-the-loop)                                 │
│ 증거 : {"gps": [37.5002987, 127.0012505], "ins": [37.5002987, 127.0026092],  │
│ "divergence_m": 120.0}                                                       │
╰──────────────────────────────────────────────────────────────────────────────╯
╭────────────────────────────── ⚠ UAV 위협 탐지 ───────────────────────────────╮
│ GNSS-INS 교차검증  (Critical)                                                │
│ 징후 : GNSS와 INS 위치가 122m 불일치 (임계 30m)                              │
│ 매핑 : STRIDE:Spoofing  TARA:경로 왜곡 → 임무 실패/충돌 위험                 │
│ STPA-Sec:불안전 제어행동(위조 위치 기반 항법)                                │
│ 대응 : GNSS 신뢰도 하향, INS/비전 기반 항법 전환, 안전속도 제한, 즉시        │
│ 귀환/정지 권고(운용자 승인)                                                  │
│ 게이트: 🔴 인간 승인 필요(human-in-the-loop)                                 │
│ 증거 : {"gps": [37.5002987, 127.0012505], "ins": [37.5003138, 127.0026374],  │
│ "divergence_m": 122.5}                                                       │
╰──────────────────────────────────────────────────────────────────────────────╯
╭────────────────────────────── ⚠ UAV 위협 탐지 ───────────────────────────────╮
│ MITM 인터셉션 감시  (High)                                                   │
│ 징후 : 동일 sysid(1) MAVLink 시퀀스 불연속 다발 (Δseq=115) — 프레임          │
│ 주입/재기록 의심                                                             │
│ 매핑 : STRIDE:Tampering/Spoofing  TARA:중간자 변조 → 상황인식 오염           │
│ ATT&CK-ICS:Adversary-in-the-Middle(T0830)                                    │
│ 대응 : 링크 무결성(서명/시퀀스) 검증, 텔레메트리 발신원 재인증, 링크         │
│ 암호화·경로 무결성 점검, 링크 전환                                           │
│ 게이트: 🔴 인간 승인 필요(human-in-the-loop)                                 │
│ 증거 : {"sysid": 1, "delta_seq": 115}                                        │
╰──────────────────────────────────────────────────────────────────────────────╯
╭────────────────────────────── ⚠ UAV 위협 탐지 ───────────────────────────────╮
│ GNSS-INS 교차검증  (Critical)                                                │
│ 징후 : GNSS와 INS 위치가 120m 불일치 (임계 30m)                              │
│ 매핑 : STRIDE:Spoofing  TARA:경로 왜곡 → 임무 실패/충돌 위험                 │
│ STPA-Sec:불안전 제어행동(위조 위치 기반 항법)                                │
│ 대응 : GNSS 신뢰도 하향, INS/비전 기반 항법 전환, 안전속도 제한, 즉시        │
│ 귀환/정지 권고(운용자 승인)                                                  │
│ 게이트: 🔴 인간 승인 필요(human-in-the-loop)                                 │
│ 증거 : {"gps": [37.5004283, 127.0014675], "ins": [37.5004283, 127.0028262],  │
│ "divergence_m": 120.0}                                                       │
╰──────────────────────────────────────────────────────────────────────────────╯
╭────────────────────────────── ⚠ UAV 위협 탐지 ───────────────────────────────╮
│ GNSS-INS 교차검증  (Critical)                                                │
│ 징후 : GNSS와 INS 위치가 122m 불일치 (임계 30m)                              │
│ 매핑 : STRIDE:Spoofing  TARA:경로 왜곡 → 임무 실패/충돌 위험                 │
│ STPA-Sec:불안전 제어행동(위조 위치 기반 항법)                                │
│ 대응 : GNSS 신뢰도 하향, INS/비전 기반 항법 전환, 안전속도 제한, 즉시        │
│ 귀환/정지 권고(운용자 승인)                                                  │
│ 게이트: 🔴 인간 승인 필요(human-in-the-loop)                                 │
│ 증거 : {"gps": [37.5004283, 127.0014675], "ins": [37.5004459, 127.0028519],  │
│ "divergence_m": 122.3}                                                       │
╰──────────────────────────────────────────────────────────────────────────────╯
╭────────────────────────────── ⚠ UAV 위협 탐지 ───────────────────────────────╮
│ MITM 인터셉션 감시  (High)                                                   │
│ 징후 : 동일 sysid(1) MAVLink 시퀀스 불연속 다발 (Δseq=88) — 프레임           │
│ 주입/재기록 의심                                                             │
│ 매핑 : STRIDE:Tampering/Spoofing  TARA:중간자 변조 → 상황인식 오염           │
│ ATT&CK-ICS:Adversary-in-the-Middle(T0830)                                    │
│ 대응 : 링크 무결성(서명/시퀀스) 검증, 텔레메트리 발신원 재인증, 링크         │
│ 암호화·경로 무결성 점검, 링크 전환                                           │
│ 게이트: 🔴 인간 승인 필요(human-in-the-loop)                                 │
│ 증거 : {"sysid": 1, "delta_seq": 88}                                         │
╰──────────────────────────────────────────────────────────────────────────────╯
╭────────────────────────────── ⚠ UAV 위협 탐지 ───────────────────────────────╮
│ GNSS-INS 교차검증  (Critical)                                                │
│ 징후 : GNSS와 INS 위치가 120m 불일치 (임계 30m)                              │
│ 매핑 : STRIDE:Spoofing  TARA:경로 왜곡 → 임무 실패/충돌 위험                 │
│ STPA-Sec:불안전 제어행동(위조 위치 기반 항법)                                │
│ 대응 : GNSS 신뢰도 하향, INS/비전 기반 항법 전환, 안전속도 제한, 즉시        │
│ 귀환/정지 권고(운용자 승인)                                                  │
│ 게이트: 🔴 인간 승인 필요(human-in-the-loop)                                 │
│ 증거 : {"gps": [37.5005974, 127.0016863], "ins": [37.5005974, 127.003045],   │
│ "divergence_m": 120.0}                                                       │
╰──────────────────────────────────────────────────────────────────────────────╯
╭────────────────────────────── ⚠ UAV 위협 탐지 ───────────────────────────────╮
│ GNSS-INS 교차검증  (Critical)                                                │
│ 징후 : GNSS와 INS 위치가 122m 불일치 (임계 30m)                              │
│ 매핑 : STRIDE:Spoofing  TARA:경로 왜곡 → 임무 실패/충돌 위험                 │
│ STPA-Sec:불안전 제어행동(위조 위치 기반 항법)                                │
│ 대응 : GNSS 신뢰도 하향, INS/비전 기반 항법 전환, 안전속도 제한, 즉시        │
│ 귀환/정지 권고(운용자 승인)                                                  │
│ 게이트: 🔴 인간 승인 필요(human-in-the-loop)                                 │
│ 증거 : {"gps": [37.5005974, 127.0016863], "ins": [37.5006176, 127.0030675],  │
│ "divergence_m": 122.0}                                                       │
╰──────────────────────────────────────────────────────────────────────────────╯
╭────────────────────────────── ⚠ UAV 위협 탐지 ───────────────────────────────╮
│ MITM 인터셉션 감시  (High)                                                   │
│ 징후 : 동일 sysid(1) MAVLink 시퀀스 불연속 다발 (Δseq=61) — 프레임           │
│ 주입/재기록 의심                                                             │
│ 매핑 : STRIDE:Tampering/Spoofing  TARA:중간자 변조 → 상황인식 오염           │
│ ATT&CK-ICS:Adversary-in-the-Middle(T0830)                                    │
│ 대응 : 링크 무결성(서명/시퀀스) 검증, 텔레메트리 발신원 재인증, 링크         │
│ 암호화·경로 무결성 점검, 링크 전환                                           │
│ 게이트: 🔴 인간 승인 필요(human-in-the-loop)                                 │
│ 증거 : {"sysid": 1, "delta_seq": 61}                                         │
╰──────────────────────────────────────────────────────────────────────────────╯
Traceback (most recent call last):
  File "<frozen runpy>", line 198, in _run_module_as_main
  File "<frozen runpy>", line 88, in _run_code
  File "/home/dltkddn/DAH-2026/defense/agent.py", line 170, in <module>
    main()
    ~~~~^^
  File "/home/dltkddn/DAH-2026/defense/agent.py", line 166, in main
    DefenseAgent(vehicles, args.evidence_dir).run()
    ~~~~~~~~~~~~~~~~~~~~~~~~~~~~~~~~~~~~~~~~~~~~~^^
  File "/home/dltkddn/DAH-2026/defense/agent.py", line 90, in run
    time.sleep(0.05)
    ~~~~~~~~~~^^^^^^
KeyboardInterrupt
